Log file open, 02/28/19 21:26:47
LogWindows: Failed to load 'aqProf.dll' (GetLastError=126)
LogWindows: File 'aqProf.dll' does not exist
LogWindows: Failed to load 'VtuneApi.dll' (GetLastError=126)
LogWindows: File 'VtuneApi.dll' does not exist
LogWindows: Failed to load 'VtuneApi32e.dll' (GetLastError=126)
LogWindows: File 'VtuneApi32e.dll' does not exist
LogConsoleResponse: Display: Failed to find resolution value strings in scalability ini. Falling back to default.
LogInit: Display: Running engine for game: Game
LogPakFile: Registered encryption key '00000000000000000000000000000000': 0 pak files mounted, 0 remain pending
LogPlatformFile: Not using cached read wrapper
LogTaskGraph: Started task graph with 5 named threads and 14 total threads with 3 sets of task threads.
LogStats: Stats thread started at 3.253272
LogD3D11RHI: Loaded GFSDK_Aftermath_Lib.x64.dll
LogICUInternationalization: ICU TimeZone Detection - Raw Offset: +1:00, Platform Override: ''
LogPluginManager: Mounting plugin Paper2D
LogPluginManager: Mounting plugin AISupport
LogPluginManager: Mounting plugin LightPropagationVolume
LogPluginManager: Mounting plugin ActorLayerUtilities
LogPluginManager: Mounting plugin CLionSourceCodeAccess
LogPluginManager: Mounting plugin CodeLiteSourceCodeAccess
LogPluginManager: Mounting plugin GitSourceControl
LogPluginManager: Mounting plugin KDevelopSourceCodeAccess
LogPluginManager: Mounting plugin NullSourceCodeAccess
LogPluginManager: Mounting plugin PerforceSourceControl
LogPluginManager: Mounting plugin SubversionSourceControl
LogPluginManager: Mounting plugin UObjectPlugin
LogPluginManager: Mounting plugin VisualStudioCodeSourceCodeAccess
LogPluginManager: Mounting plugin VisualStudioSourceCodeAccess
LogPluginManager: Mounting plugin XCodeSourceCodeAccess
LogPluginManager: Mounting plugin AssetManagerEditor
LogPluginManager: Mounting plugin CryptoKeys
LogPluginManager: Mounting plugin DataValidation
LogPluginManager: Mounting plugin FacialAnimation
LogPluginManager: Mounting plugin GameplayTagsEditor
LogPluginManager: Mounting plugin MacGraphicsSwitching
LogPluginManager: Mounting plugin MeshEditor
LogPluginManager: Mounting plugin MobileLauncherProfileWizard
LogPluginManager: Mounting plugin PluginBrowser
LogPluginManager: Mounting plugin SpeedTreeImporter
LogPluginManager: Mounting plugin DatasmithContent
LogPluginManager: Mounting plugin VariantManagerContent
LogPluginManager: Mounting plugin AlembicImporter
LogPluginManager: Mounting plugin AppleImageUtils
LogPluginManager: Mounting plugin AppleVision
LogPluginManager: Mounting plugin BackChannel
LogPluginManager: Mounting plugin CharacterAI
LogPluginManager: Mounting plugin GeometryCache
LogPluginManager: Mounting plugin HTML5Networking
LogPluginManager: Mounting plugin ProxyLODPlugin
LogPluginManager: Mounting plugin MagicLeap
LogPluginManager: Mounting plugin MagicLeapMedia
LogPluginManager: Mounting plugin AndroidMedia
LogPluginManager: Mounting plugin AvfMedia
LogPluginManager: Mounting plugin ImgMedia
LogPluginManager: Mounting plugin LinearTimecode
LogPluginManager: Mounting plugin MediaCompositing
LogPluginManager: Mounting plugin MediaPlayerEditor
LogPluginManager: Mounting plugin WebMMedia
LogPluginManager: Mounting plugin WmfMedia
LogPluginManager: Mounting plugin TcpMessaging
LogPluginManager: Mounting plugin UdpMessaging
LogPluginManager: Mounting plugin ActorSequence
LogPluginManager: Mounting plugin LevelSequenceEditor
LogPluginManager: Mounting plugin MatineeToLevelSequence
LogPluginManager: Mounting plugin NetcodeUnitTest
LogPluginManager: Mounting plugin NUTUnrealEngine4
LogPluginManager: Mounting plugin OnlineSubsystemGooglePlay
LogPluginManager: Mounting plugin OnlineSubsystemIOS
LogPluginManager: Mounting plugin OnlineSubsystem
LogPluginManager: Mounting plugin OnlineSubsystemNull
LogPluginManager: Mounting plugin OnlineSubsystemUtils
LogPluginManager: Mounting plugin LauncherChunkInstaller
LogPluginManager: Mounting plugin AndroidDeviceProfileSelector
LogPluginManager: Mounting plugin AndroidMoviePlayer
LogPluginManager: Mounting plugin AndroidPermission
LogPluginManager: Mounting plugin AppleMoviePlayer
LogPluginManager: Mounting plugin ArchVisCharacter
LogPluginManager: Mounting plugin AudioCapture
LogPluginManager: Mounting plugin CableComponent
LogPluginManager: Mounting plugin CustomMeshComponent
LogPluginManager: Mounting plugin EditableMesh
LogPluginManager: Mounting plugin ExampleDeviceProfileSelector
LogPluginManager: Mounting plugin Firebase
LogPluginManager: Mounting plugin GoogleCloudMessaging
LogPluginManager: Mounting plugin IOSDeviceProfileSelector
LogPluginManager: Mounting plugin LinuxDeviceProfileSelector
LogPluginManager: Mounting plugin LocationServicesBPLibrary
LogPluginManager: Mounting plugin MobilePatchingUtils
LogPluginManager: Mounting plugin OculusVR
LogPluginManager: Mounting plugin PhysXVehicles
LogPluginManager: Mounting plugin ProceduralMeshComponent
LogPluginManager: Mounting plugin RuntimePhysXCooking
LogPluginManager: Mounting plugin SteamVR
LogPluginManager: Mounting plugin WebMMoviePlayer
LogPluginManager: Mounting plugin WindowsMoviePlayer
LogStreaming: Display: Took  0.315s to configure plugins.
LogInit: Using libcurl 7.55.1-DEV
LogInit:  - built for x86_64-pc-win32
LogInit:  - supports SSL with OpenSSL/1.0.2h
LogInit:  - supports HTTP deflate (compression) using libz 1.2.8
LogInit:  - other features:
LogInit:      CURL_VERSION_SSL
LogInit:      CURL_VERSION_LIBZ
LogInit:      CURL_VERSION_IPV6
LogInit:      CURL_VERSION_ASYNCHDNS
LogInit:      CURL_VERSION_LARGEFILE
LogInit:      CURL_VERSION_IDN
LogInit:  CurlRequestOptions (configurable via config and command line):
LogInit:  - bVerifyPeer = true  - Libcurl will verify peer certificate
LogInit:  - bUseHttpProxy = false  - Libcurl will NOT use HTTP proxy
LogInit:  - bDontReuseConnections = false  - Libcurl will reuse connections
LogInit:  - MaxHostConnections = 16  - Libcurl will limit the number of connections to a host
LogInit:  - LocalHostAddr = Default
LogInit:  - BufferSize = 65536
LogInit: WinSock: version 1.1 (2.2), MaxSocks=32767, MaxUdp=65467
LogInit: Build: ++UE4+Release-4.21-CL-4753647
LogInit: Engine Version: 4.21.2-4753647+++UE4+Release-4.21
LogInit: Compatible Engine Version: 4.21.0-4541578+++UE4+Release-4.21
LogInit: Net CL: 4541578
LogInit: OS: Windows 10 (), CPU: Intel(R) Core(TM) i5-6600K CPU @ 3.50GHz, GPU: NVIDIA GeForce GTX 970
LogInit: Compiled (64-bit): Jan 19 2019 02:07:31
LogInit: Compiled with Visual C++: 19.13.26129.00
LogInit: Build Configuration: Development
LogInit: Branch Name: ++UE4+Release-4.21
LogInit: Command Line: 
LogInit: Base Directory: D:/UE_4.21/Engine/Binaries/Win64/
LogInit: Installed Engine Build: 1
LogDevObjectVersion: Number of dev versions registered: 22
LogDevObjectVersion:   Dev-Blueprints (B0D832E4-1F89-4F0D-ACCF-7EB736FD4AA2): 10
LogDevObjectVersion:   Dev-Build (E1C64328-A22C-4D53-A36C-8E866417BD8C): 0
LogDevObjectVersion:   Dev-Core (375EC13C-06E4-48FB-B500-84F0262A717E): 2
LogDevObjectVersion:   Dev-Editor (E4B068ED-F494-42E9-A231-DA0B2E46BB41): 26
LogDevObjectVersion:   Dev-Framework (CFFC743F-43B0-4480-9391-14DF171D2073): 34
LogDevObjectVersion:   Dev-Mobile (B02B49B5-BB20-44E9-A304-32B752E40360): 2
LogDevObjectVersion:   Dev-Networking (A4E4105C-59A1-49B5-A7C5-40C4547EDFEE): 0
LogDevObjectVersion:   Dev-Online (39C831C9-5AE6-47DC-9A44-9C173E1C8E7C): 0
LogDevObjectVersion:   Dev-Physics (78F01B33-EBEA-4F98-B9B4-84EACCB95AA2): 0
LogDevObjectVersion:   Dev-Platform (6631380F-2D4D-43E0-8009-CF276956A95A): 0
LogDevObjectVersion:   Dev-Rendering (12F88B9F-8875-4AFC-A67C-D90C383ABD29): 27
LogDevObjectVersion:   Dev-Sequencer (7B5AE74C-D270-4C10-A958-57980B212A5A): 9
LogDevObjectVersion:   Dev-VR (D7296918-1DD6-4BDD-9DE2-64A83CC13884): 2
LogDevObjectVersion:   Dev-LoadTimes (C2A15278-BFE7-4AFE-6C17-90FF531DF755): 1
LogDevObjectVersion:   Private-Geometry (6EACA3D4-40EC-4CC1-B786-8BED09428FC5): 3
LogDevObjectVersion:   Dev-AnimPhys (29E575DD-E0A3-4627-9D10-D276232CDCEA): 17
LogDevObjectVersion:   Dev-Anim (AF43A65D-7FD3-4947-9873-3E8ED9C1BB05): 2
LogDevObjectVersion:   Dev-ReflectionCapture (6B266CEC-1EC7-4B8F-A30B-E4D90942FC07): 1
LogDevObjectVersion:   Dev-Automation (0DF73D61-A23F-47EA-B727-89E90C41499A): 1
LogDevObjectVersion:   FortniteMain (601D1886-AC64-4F84-AA16-D3DE0DEAC7D6): 17
LogDevObjectVersion:   Dev-Enterprise (9DFFBCD6-494F-0158-E221-12823C92A888): 4
LogDevObjectVersion:   Dev-Niagara (F2AED0AC-9AFE-416F-8664-AA7FFA26D6FC): 1
LogStreaming: Display: Took  0.000s to delete old logs.
LogInit: Presizing for max 8388607 objects, including 0 objects not considered by GC, pre-allocating 0 bytes for permanent pool.
LogInit: Object subsystem initialized
LogConfig: Setting CVar [[con.DebugEarlyDefault:1]]
LogConfig: Setting CVar [[r.setres:1280x720]]
[2019.02.28-20.26.50:194][  0]LogConfig: Setting CVar [[r.VSync:0]]
[2019.02.28-20.26.50:194][  0]LogConfig: Setting CVar [[r.RHICmdBypass:0]]
[2019.02.28-20.26.50:195][  0]LogConfig: Applying CVar settings from Section [/Script/Engine.RendererSettings] File [D:/Unreal games/SpilProjekt3/Game/Saved/Config/Windows/Engine.ini]
[2019.02.28-20.26.50:195][  0]LogConfig: Setting CVar [[r.GPUCrashDebugging:0]]
[2019.02.28-20.26.50:195][  0]LogConfig: Applying CVar settings from Section [/Script/Engine.RendererOverrideSettings] File [D:/Unreal games/SpilProjekt3/Game/Saved/Config/Windows/Engine.ini]
[2019.02.28-20.26.50:195][  0]LogConfig: Applying CVar settings from Section [/Script/Engine.StreamingSettings] File [D:/Unreal games/SpilProjekt3/Game/Saved/Config/Windows/Engine.ini]
[2019.02.28-20.26.50:195][  0]LogConfig: Setting CVar [[s.MinBulkDataSizeForAsyncLoading:131072]]
[2019.02.28-20.26.50:195][  0]LogConfig: Setting CVar [[s.AsyncLoadingThreadEnabled:0]]
[2019.02.28-20.26.50:195][  0]LogConfig: Setting CVar [[s.EventDrivenLoaderEnabled:1]]
[2019.02.28-20.26.50:195][  0]LogConfig: Setting CVar [[s.WarnIfTimeLimitExceeded:0]]
[2019.02.28-20.26.50:195][  0]LogConfig: Setting CVar [[s.TimeLimitExceededMultiplier:1.5]]
[2019.02.28-20.26.50:195][  0]LogConfig: Setting CVar [[s.TimeLimitExceededMinTime:0.005]]
[2019.02.28-20.26.50:195][  0]LogConfig: Setting CVar [[s.UseBackgroundLevelStreaming:1]]
[2019.02.28-20.26.50:195][  0]LogConfig: Setting CVar [[s.PriorityAsyncLoadingExtraTime:15.0]]
[2019.02.28-20.26.50:195][  0]LogConfig: Setting CVar [[s.LevelStreamingActorsUpdateTimeLimit:5.0]]
[2019.02.28-20.26.50:195][  0]LogConfig: Setting CVar [[s.PriorityLevelStreamingActorsUpdateExtraTime:5.0]]
[2019.02.28-20.26.50:195][  0]LogConfig: Setting CVar [[s.LevelStreamingComponentsRegistrationGranularity:10]]
[2019.02.28-20.26.50:195][  0]LogConfig: Setting CVar [[s.UnregisterComponentsTimeLimit:1.0]]
[2019.02.28-20.26.50:195][  0]LogConfig: Setting CVar [[s.LevelStreamingComponentsUnregistrationGranularity:5]]
[2019.02.28-20.26.50:195][  0]LogConfig: Applying CVar settings from Section [/Script/Engine.GarbageCollectionSettings] File [D:/Unreal games/SpilProjekt3/Game/Saved/Config/Windows/Engine.ini]
[2019.02.28-20.26.50:195][  0]LogConfig: Setting CVar [[gc.MaxObjectsNotConsideredByGC:1]]
[2019.02.28-20.26.50:195][  0]LogConfig: Setting CVar [[gc.SizeOfPermanentObjectPool:0]]
[2019.02.28-20.26.50:195][  0]LogConfig: Setting CVar [[gc.FlushStreamingOnGC:0]]
[2019.02.28-20.26.50:195][  0]LogConfig: Setting CVar [[gc.NumRetriesBeforeForcingGC:10]]
[2019.02.28-20.26.50:195][  0]LogConfig: Setting CVar [[gc.AllowParallelGC:1]]
[2019.02.28-20.26.50:195][  0]LogConfig: Setting CVar [[gc.TimeBetweenPurgingPendingKillObjects:61.1]]
[2019.02.28-20.26.50:195][  0]LogConfig: Setting CVar [[gc.MaxObjectsInEditor:8388607]]
[2019.02.28-20.26.50:195][  0]LogConfig: Setting CVar [[gc.IncrementalBeginDestroyEnabled:1]]
[2019.02.28-20.26.50:195][  0]LogConfig: Setting CVar [[gc.CreateGCClusters:1]]
[2019.02.28-20.26.50:195][  0]LogConfig: Setting CVar [[gc.MergeGCClusters:0]]
[2019.02.28-20.26.50:195][  0]LogConfig: Setting CVar [[gc.MinGCClusterSize:5]]
[2019.02.28-20.26.50:195][  0]LogConfig: Setting CVar [[gc.ActorClusteringEnabled:0]]
[2019.02.28-20.26.50:195][  0]LogConfig: Setting CVar [[gc.BlueprintClusteringEnabled:0]]
[2019.02.28-20.26.50:195][  0]LogConfig: Setting CVar [[gc.UseDisregardForGCOnDedicatedServers:0]]
[2019.02.28-20.26.50:195][  0]LogConfig: Applying CVar settings from Section [/Script/Engine.NetworkSettings] File [D:/Unreal games/SpilProjekt3/Game/Saved/Config/Windows/Engine.ini]
[2019.02.28-20.26.50:195][  0]LogConfig: Applying CVar settings from Section [/Script/UnrealEd.CookerSettings] File [D:/Unreal games/SpilProjekt3/Game/Saved/Config/Windows/Engine.ini]
[2019.02.28-20.26.50:285][  0]LogConfig: Applying CVar settings from Section [ViewDistanceQuality@3] File [D:/Unreal games/SpilProjekt3/Game/Saved/Config/Windows/Scalability.ini]
[2019.02.28-20.26.50:285][  0]LogConfig: Setting CVar [[r.SkeletalMeshLODBias:0]]
[2019.02.28-20.26.50:285][  0]LogConfig: Setting CVar [[r.ViewDistanceScale:1.0]]
[2019.02.28-20.26.50:285][  0]LogConfig: Applying CVar settings from Section [AntiAliasingQuality@3] File [D:/Unreal games/SpilProjekt3/Game/Saved/Config/Windows/Scalability.ini]
[2019.02.28-20.26.50:285][  0]LogConfig: Setting CVar [[r.PostProcessAAQuality:4]]
[2019.02.28-20.26.50:285][  0]LogConfig: Applying CVar settings from Section [ShadowQuality@3] File [D:/Unreal games/SpilProjekt3/Game/Saved/Config/Windows/Scalability.ini]
[2019.02.28-20.26.50:285][  0]LogConfig: Setting CVar [[r.LightFunctionQuality:1]]
[2019.02.28-20.26.50:285][  0]LogConfig: Setting CVar [[r.ShadowQuality:5]]
[2019.02.28-20.26.50:285][  0]LogConfig: Setting CVar [[r.Shadow.CSM.MaxCascades:10]]
[2019.02.28-20.26.50:285][  0]LogConfig: Setting CVar [[r.Shadow.MaxResolution:2048]]
[2019.02.28-20.26.50:285][  0]LogConfig: Setting CVar [[r.Shadow.MaxCSMResolution:2048]]
[2019.02.28-20.26.50:286][  0]LogConfig: Setting CVar [[r.Shadow.RadiusThreshold:0.01]]
[2019.02.28-20.26.50:286][  0]LogConfig: Setting CVar [[r.Shadow.DistanceScale:1.0]]
[2019.02.28-20.26.50:286][  0]LogConfig: Setting CVar [[r.Shadow.CSM.TransitionScale:1.0]]
[2019.02.28-20.26.50:286][  0]LogConfig: Setting CVar [[r.Shadow.PreShadowResolutionFactor:1.0]]
[2019.02.28-20.26.50:286][  0]LogConfig: Setting CVar [[r.DistanceFieldShadowing:1]]
[2019.02.28-20.26.50:286][  0]LogConfig: Setting CVar [[r.DistanceFieldAO:1]]
[2019.02.28-20.26.50:286][  0]LogConfig: Setting CVar [[r.AOQuality:2]]
[2019.02.28-20.26.50:286][  0]LogConfig: Setting CVar [[r.VolumetricFog:1]]
[2019.02.28-20.26.50:286][  0]LogConfig: Setting CVar [[r.VolumetricFog.GridPixelSize:8]]
[2019.02.28-20.26.50:286][  0]LogConfig: Setting CVar [[r.VolumetricFog.GridSizeZ:128]]
[2019.02.28-20.26.50:286][  0]LogConfig: Setting CVar [[r.VolumetricFog.HistoryMissSupersampleCount:4]]
[2019.02.28-20.26.50:286][  0]LogConfig: Setting CVar [[r.LightMaxDrawDistanceScale:1]]
[2019.02.28-20.26.50:286][  0]LogConfig: Setting CVar [[r.CapsuleShadows:1]]
[2019.02.28-20.26.50:286][  0]LogConfig: Applying CVar settings from Section [PostProcessQuality@3] File [D:/Unreal games/SpilProjekt3/Game/Saved/Config/Windows/Scalability.ini]
[2019.02.28-20.26.50:286][  0]LogConfig: Setting CVar [[r.MotionBlurQuality:4]]
[2019.02.28-20.26.50:286][  0]LogConfig: Setting CVar [[r.AmbientOcclusionMipLevelFactor:0.4]]
[2019.02.28-20.26.50:286][  0]LogConfig: Setting CVar [[r.AmbientOcclusionMaxQuality:100]]
[2019.02.28-20.26.50:286][  0]LogConfig: Setting CVar [[r.AmbientOcclusionLevels:-1]]
[2019.02.28-20.26.50:286][  0]LogConfig: Setting CVar [[r.AmbientOcclusionRadiusScale:1.0]]
[2019.02.28-20.26.50:286][  0]LogConfig: Setting CVar [[r.DepthOfFieldQuality:2]]
[2019.02.28-20.26.50:286][  0]LogConfig: Setting CVar [[r.RenderTargetPoolMin:400]]
[2019.02.28-20.26.50:286][  0]LogConfig: Setting CVar [[r.LensFlareQuality:2]]
[2019.02.28-20.26.50:286][  0]LogConfig: Setting CVar [[r.SceneColorFringeQuality:1]]
[2019.02.28-20.26.50:286][  0]LogConfig: Setting CVar [[r.EyeAdaptationQuality:2]]
[2019.02.28-20.26.50:286][  0]LogConfig: Setting CVar [[r.BloomQuality:5]]
[2019.02.28-20.26.50:286][  0]LogConfig: Setting CVar [[r.FastBlurThreshold:100]]
[2019.02.28-20.26.50:286][  0]LogConfig: Setting CVar [[r.Upscale.Quality:3]]
[2019.02.28-20.26.50:286][  0]LogConfig: Setting CVar [[r.Tonemapper.GrainQuantization:1]]
[2019.02.28-20.26.50:286][  0]LogConfig: Setting CVar [[r.LightShaftQuality:1]]
[2019.02.28-20.26.50:286][  0]LogConfig: Setting CVar [[r.Filter.SizeScale:1]]
[2019.02.28-20.26.50:286][  0]LogConfig: Setting CVar [[r.Tonemapper.Quality:5]]
[2019.02.28-20.26.50:286][  0]LogConfig: Setting CVar [[r.DOF.Gather.AccumulatorQuality:1        ; higher gathering accumulator quality]]
[2019.02.28-20.26.50:286][  0]LogConfig: Setting CVar [[r.DOF.Gather.PostfilterMethod:1          ; Median3x3 postfilering method]]
[2019.02.28-20.26.50:286][  0]LogConfig: Setting CVar [[r.DOF.Gather.EnableBokehSettings:0       ; no bokeh simulation when gathering]]
[2019.02.28-20.26.50:286][  0]LogConfig: Setting CVar [[r.DOF.Gather.RingCount:4                 ; medium number of samples when gathering]]
[2019.02.28-20.26.50:286][  0]LogConfig: Setting CVar [[r.DOF.Scatter.ForegroundCompositing:1    ; additive foreground scattering]]
[2019.02.28-20.26.50:286][  0]LogConfig: Setting CVar [[r.DOF.Scatter.BackgroundCompositing:2    ; additive background scattering]]
[2019.02.28-20.26.50:286][  0]LogConfig: Setting CVar [[r.DOF.Scatter.EnableBokehSettings:1      ; bokeh simulation when scattering]]
[2019.02.28-20.26.50:286][  0]LogConfig: Setting CVar [[r.DOF.Scatter.MaxSpriteRatio:0.1         ; only a maximum of 10% of scattered bokeh]]
[2019.02.28-20.26.50:286][  0]LogConfig: Setting CVar [[r.DOF.Recombine.Quality:1                ; cheap slight out of focus]]
[2019.02.28-20.26.50:287][  0]LogConfig: Setting CVar [[r.DOF.Recombine.EnableBokehSettings:0    ; no bokeh simulation on slight out of focus]]
[2019.02.28-20.26.50:287][  0]LogConfig: Setting CVar [[r.DOF.TemporalAAQuality:1                ; more stable temporal accumulation]]
[2019.02.28-20.26.50:287][  0]LogConfig: Setting CVar [[r.DOF.Kernel.MaxForegroundRadius:0.025]]
[2019.02.28-20.26.50:287][  0]LogConfig: Setting CVar [[r.DOF.Kernel.MaxBackgroundRadius:0.025]]
[2019.02.28-20.26.50:287][  0]LogConfig: Applying CVar settings from Section [TextureQuality@3] File [D:/Unreal games/SpilProjekt3/Game/Saved/Config/Windows/Scalability.ini]
[2019.02.28-20.26.50:287][  0]LogConfig: Setting CVar [[r.Streaming.MipBias:0]]
[2019.02.28-20.26.50:287][  0]LogConfig: Setting CVar [[r.Streaming.AmortizeCPUToGPUCopy:0]]
[2019.02.28-20.26.50:287][  0]LogConfig: Setting CVar [[r.Streaming.MaxNumTexturesToStreamPerFrame:0]]
[2019.02.28-20.26.50:287][  0]LogConfig: Setting CVar [[r.Streaming.Boost:1]]
[2019.02.28-20.26.50:287][  0]LogConfig: Setting CVar [[r.MaxAnisotropy:8]]
[2019.02.28-20.26.50:287][  0]LogConfig: Setting CVar [[r.Streaming.LimitPoolSizeToVRAM:0]]
[2019.02.28-20.26.50:287][  0]LogConfig: Setting CVar [[r.Streaming.PoolSize:1000]]
[2019.02.28-20.26.50:287][  0]LogConfig: Setting CVar [[r.Streaming.MaxEffectiveScreenSize:0]]
[2019.02.28-20.26.50:287][  0]LogConfig: Applying CVar settings from Section [EffectsQuality@3] File [D:/Unreal games/SpilProjekt3/Game/Saved/Config/Windows/Scalability.ini]
[2019.02.28-20.26.50:287][  0]LogConfig: Setting CVar [[r.TranslucencyLightingVolumeDim:64]]
[2019.02.28-20.26.50:287][  0]LogConfig: Setting CVar [[r.RefractionQuality:2]]
[2019.02.28-20.26.50:287][  0]LogConfig: Setting CVar [[r.SSR.Quality:3]]
[2019.02.28-20.26.50:287][  0]LogConfig: Setting CVar [[r.SceneColorFormat:4]]
[2019.02.28-20.26.50:287][  0]LogConfig: Setting CVar [[r.DetailMode:2]]
[2019.02.28-20.26.50:287][  0]LogConfig: Setting CVar [[r.TranslucencyVolumeBlur:1]]
[2019.02.28-20.26.50:287][  0]LogConfig: Setting CVar [[r.MaterialQualityLevel:1 ; High quality]]
[2019.02.28-20.26.50:287][  0]LogConfig: Setting CVar [[r.SSS.Scale:1]]
[2019.02.28-20.26.50:287][  0]LogConfig: Setting CVar [[r.SSS.SampleSet:2]]
[2019.02.28-20.26.50:287][  0]LogConfig: Setting CVar [[r.SSS.Quality:1]]
[2019.02.28-20.26.50:287][  0]LogConfig: Setting CVar [[r.SSS.HalfRes:1]]
[2019.02.28-20.26.50:287][  0]LogConfig: Setting CVar [[r.EmitterSpawnRateScale:1.0]]
[2019.02.28-20.26.50:287][  0]LogConfig: Setting CVar [[r.ParticleLightQuality:2]]
[2019.02.28-20.26.50:287][  0]LogConfig: Applying CVar settings from Section [FoliageQuality@3] File [D:/Unreal games/SpilProjekt3/Game/Saved/Config/Windows/Scalability.ini]
[2019.02.28-20.26.50:287][  0]LogConfig: Setting CVar [[foliage.DensityScale:1.0]]
[2019.02.28-20.26.50:287][  0]LogConfig: Setting CVar [[grass.DensityScale:1.0]]
[2019.02.28-20.26.50:295][  0]LogInit: Selected Device Profile: [Windows]
[2019.02.28-20.26.50:295][  0]LogInit: Applying CVar settings loaded from the selected device profile: [Windows]
[2019.02.28-20.26.50:416][  0]LogHAL: Display: Platform has ~ 16 GB [17109925888 / 17179869184 / 16], which maps to Larger [LargestMinGB=32, LargerMinGB=12, DefaultMinGB=8, SmallerMinGB=6, SmallestMinGB=0)
[2019.02.28-20.26.50:425][  0]LogConfig: Setting CVar [[r.Vulkan.UseRealUBs:1]]
[2019.02.28-20.26.50:425][  0]LogInit: Going up to parent DeviceProfile []
[2019.02.28-20.26.50:425][  0]LogConfig: Applying CVar settings from Section [ViewDistanceQuality@1] File [D:/Unreal games/SpilProjekt3/Game/Saved/Config/Windows/Scalability.ini]
[2019.02.28-20.26.50:425][  0]LogConfig: Setting CVar [[r.SkeletalMeshLODBias:1]]
[2019.02.28-20.26.50:425][  0]LogConfig: Setting CVar [[r.ViewDistanceScale:0.6]]
[2019.02.28-20.26.50:425][  0]LogConfig: Applying CVar settings from Section [AntiAliasingQuality@1] File [D:/Unreal games/SpilProjekt3/Game/Saved/Config/Windows/Scalability.ini]
[2019.02.28-20.26.50:425][  0]LogConfig: Setting CVar [[r.PostProcessAAQuality:2]]
[2019.02.28-20.26.50:425][  0]LogConfig: Applying CVar settings from Section [ShadowQuality@1] File [D:/Unreal games/SpilProjekt3/Game/Saved/Config/Windows/Scalability.ini]
[2019.02.28-20.26.50:425][  0]LogConfig: Setting CVar [[r.LightFunctionQuality:1]]
[2019.02.28-20.26.50:425][  0]LogConfig: Setting CVar [[r.ShadowQuality:3]]
[2019.02.28-20.26.50:425][  0]LogConfig: Setting CVar [[r.Shadow.CSM.MaxCascades:1]]
[2019.02.28-20.26.50:425][  0]LogConfig: Setting CVar [[r.Shadow.MaxResolution:1024]]
[2019.02.28-20.26.50:425][  0]LogConfig: Setting CVar [[r.Shadow.MaxCSMResolution:1024]]
[2019.02.28-20.26.50:425][  0]LogConfig: Setting CVar [[r.Shadow.RadiusThreshold:0.05]]
[2019.02.28-20.26.50:425][  0]LogConfig: Setting CVar [[r.Shadow.DistanceScale:0.7]]
[2019.02.28-20.26.50:426][  0]LogConfig: Setting CVar [[r.Shadow.CSM.TransitionScale:0.25]]
[2019.02.28-20.26.50:426][  0]LogConfig: Setting CVar [[r.Shadow.PreShadowResolutionFactor:0.5]]
[2019.02.28-20.26.50:426][  0]LogConfig: Setting CVar [[r.DistanceFieldShadowing:0]]
[2019.02.28-20.26.50:426][  0]LogConfig: Setting CVar [[r.DistanceFieldAO:0]]
[2019.02.28-20.26.50:426][  0]LogConfig: Setting CVar [[r.VolumetricFog:0]]
[2019.02.28-20.26.50:426][  0]LogConfig: Setting CVar [[r.LightMaxDrawDistanceScale:.5]]
[2019.02.28-20.26.50:426][  0]LogConfig: Setting CVar [[r.CapsuleShadows:1]]
[2019.02.28-20.26.50:426][  0]LogConfig: Applying CVar settings from Section [PostProcessQuality@1] File [D:/Unreal games/SpilProjekt3/Game/Saved/Config/Windows/Scalability.ini]
[2019.02.28-20.26.50:426][  0]LogConfig: Setting CVar [[r.MotionBlurQuality:3]]
[2019.02.28-20.26.50:426][  0]LogConfig: Setting CVar [[r.AmbientOcclusionMipLevelFactor:1.0]]
[2019.02.28-20.26.50:426][  0]LogConfig: Setting CVar [[r.AmbientOcclusionMaxQuality:60]]
[2019.02.28-20.26.50:426][  0]LogConfig: Setting CVar [[r.AmbientOcclusionLevels:-1]]
[2019.02.28-20.26.50:426][  0]LogConfig: Setting CVar [[r.AmbientOcclusionRadiusScale:1.5]]
[2019.02.28-20.26.50:426][  0]LogConfig: Setting CVar [[r.DepthOfFieldQuality:1]]
[2019.02.28-20.26.50:426][  0]LogConfig: Setting CVar [[r.RenderTargetPoolMin:350]]
[2019.02.28-20.26.50:426][  0]LogConfig: Setting CVar [[r.LensFlareQuality:0]]
[2019.02.28-20.26.50:426][  0]LogConfig: Setting CVar [[r.SceneColorFringeQuality:0]]
[2019.02.28-20.26.50:426][  0]LogConfig: Setting CVar [[r.EyeAdaptationQuality:0]]
[2019.02.28-20.26.50:426][  0]LogConfig: Setting CVar [[r.BloomQuality:4]]
[2019.02.28-20.26.50:426][  0]LogConfig: Setting CVar [[r.FastBlurThreshold:2]]
[2019.02.28-20.26.50:426][  0]LogConfig: Setting CVar [[r.Upscale.Quality:2]]
[2019.02.28-20.26.50:426][  0]LogConfig: Setting CVar [[r.Tonemapper.GrainQuantization:0]]
[2019.02.28-20.26.50:426][  0]LogConfig: Setting CVar [[r.LightShaftQuality:0]]
[2019.02.28-20.26.50:426][  0]LogConfig: Setting CVar [[r.Filter.SizeScale:0.7]]
[2019.02.28-20.26.50:426][  0]LogConfig: Setting CVar [[r.Tonemapper.Quality:2]]
[2019.02.28-20.26.50:426][  0]LogConfig: Setting CVar [[r.DOF.Gather.AccumulatorQuality:0        ; lower gathering accumulator quality]]
[2019.02.28-20.26.50:426][  0]LogConfig: Setting CVar [[r.DOF.Gather.PostfilterMethod:2          ; Max3x3 postfilering method]]
[2019.02.28-20.26.50:426][  0]LogConfig: Setting CVar [[r.DOF.Gather.EnableBokehSettings:0       ; no bokeh simulation when gathering]]
[2019.02.28-20.26.50:426][  0]LogConfig: Setting CVar [[r.DOF.Gather.RingCount:3                 ; low number of samples when gathering]]
[2019.02.28-20.26.50:426][  0]LogConfig: Setting CVar [[r.DOF.Scatter.ForegroundCompositing:0    ; no foreground scattering]]
[2019.02.28-20.26.50:426][  0]LogConfig: Setting CVar [[r.DOF.Scatter.BackgroundCompositing:0    ; no foreground scattering]]
[2019.02.28-20.26.50:426][  0]LogConfig: Setting CVar [[r.DOF.Recombine.Quality:0                ; no slight out of focus]]
[2019.02.28-20.26.50:426][  0]LogConfig: Setting CVar [[r.DOF.TemporalAAQuality:0                ; faster temporal accumulation]]
[2019.02.28-20.26.50:426][  0]LogConfig: Setting CVar [[r.DOF.Kernel.MaxForegroundRadius:0.006   ; required because low gathering and no scattering and not looking great at 1080p]]
[2019.02.28-20.26.50:426][  0]LogConfig: Setting CVar [[r.DOF.Kernel.MaxBackgroundRadius:0.006   ; required because low gathering and no scattering and not looking great at 1080p]]
[2019.02.28-20.26.50:427][  0]LogConfig: Applying CVar settings from Section [TextureQuality@1] File [D:/Unreal games/SpilProjekt3/Game/Saved/Config/Windows/Scalability.ini]
[2019.02.28-20.26.50:427][  0]LogConfig: Setting CVar [[r.Streaming.MipBias:1]]
[2019.02.28-20.26.50:427][  0]LogConfig: Setting CVar [[r.Streaming.AmortizeCPUToGPUCopy:0]]
[2019.02.28-20.26.50:427][  0]LogConfig: Setting CVar [[r.Streaming.MaxNumTexturesToStreamPerFrame:0]]
[2019.02.28-20.26.50:427][  0]LogConfig: Setting CVar [[r.Streaming.Boost:1]]
[2019.02.28-20.26.50:427][  0]LogConfig: Setting CVar [[r.MaxAnisotropy:2]]
[2019.02.28-20.26.50:427][  0]LogConfig: Setting CVar [[r.Streaming.LimitPoolSizeToVRAM:1]]
[2019.02.28-20.26.50:427][  0]LogConfig: Setting CVar [[r.Streaming.PoolSize:600]]
[2019.02.28-20.26.50:427][  0]LogConfig: Setting CVar [[r.Streaming.MaxEffectiveScreenSize:0]]
[2019.02.28-20.26.50:427][  0]LogConfig: Applying CVar settings from Section [EffectsQuality@2] File [D:/Unreal games/SpilProjekt3/Game/Saved/Config/Windows/Scalability.ini]
[2019.02.28-20.26.50:427][  0]LogConfig: Setting CVar [[r.TranslucencyLightingVolumeDim:48]]
[2019.02.28-20.26.50:427][  0]LogConfig: Setting CVar [[r.RefractionQuality:2]]
[2019.02.28-20.26.50:427][  0]LogConfig: Setting CVar [[r.SSR.Quality:2]]
[2019.02.28-20.26.50:427][  0]LogConfig: Setting CVar [[r.SceneColorFormat:3]]
[2019.02.28-20.26.50:427][  0]LogConfig: Setting CVar [[r.DetailMode:1]]
[2019.02.28-20.26.50:427][  0]LogConfig: Setting CVar [[r.TranslucencyVolumeBlur:1]]
[2019.02.28-20.26.50:427][  0]LogConfig: Setting CVar [[r.MaterialQualityLevel:1 ; High quality]]
[2019.02.28-20.26.50:427][  0]LogConfig: Setting CVar [[r.SSS.Scale:1]]
[2019.02.28-20.26.50:427][  0]LogConfig: Setting CVar [[r.SSS.SampleSet:1]]
[2019.02.28-20.26.50:427][  0]LogConfig: Setting CVar [[r.SSS.Quality:-1]]
[2019.02.28-20.26.50:427][  0]LogConfig: Setting CVar [[r.SSS.HalfRes:1]]
[2019.02.28-20.26.50:427][  0]LogConfig: Setting CVar [[r.EmitterSpawnRateScale:0.5]]
[2019.02.28-20.26.50:427][  0]LogConfig: Setting CVar [[r.ParticleLightQuality:1]]
[2019.02.28-20.26.50:427][  0]LogConfig: Applying CVar settings from Section [FoliageQuality@1] File [D:/Unreal games/SpilProjekt3/Game/Saved/Config/Windows/Scalability.ini]
[2019.02.28-20.26.50:427][  0]LogConfig: Setting CVar [[foliage.DensityScale:0.4]]
[2019.02.28-20.26.50:427][  0]LogConfig: Setting CVar [[grass.DensityScale:0.4]]
[2019.02.28-20.26.50:427][  0]LogConfig: Applying CVar settings from Section [Startup] File [../../../Engine/Config/ConsoleVariables.ini]
[2019.02.28-20.26.50:456][  0]LogConfig: Setting CVar [[net.UseAdaptiveNetUpdateFrequency:0]]
[2019.02.28-20.26.50:456][  0]LogConfig: Applying CVar settings from Section [ConsoleVariables] File [D:/Unreal games/SpilProjekt3/Game/Saved/Config/Windows/Engine.ini]
[2019.02.28-20.26.50:504][  0]LogInit: Computer: DESKTOP-GECV2M9
[2019.02.28-20.26.50:504][  0]LogInit: User: Terpinator
[2019.02.28-20.26.50:504][  0]LogInit: CPU Page size=4096, Cores=4
[2019.02.28-20.26.50:504][  0]LogInit: High frequency timer resolution =3.421875 MHz
[2019.02.28-20.26.50:505][  0]LogMemory: Memory total: Physical=15.9GB (16GB approx)
[2019.02.28-20.26.50:505][  0]LogMemory: Platform Memory Stats for Windows
[2019.02.28-20.26.50:505][  0]LogMemory: Process Physical Memory: 102.49 MB used, 102.49 MB peak
[2019.02.28-20.26.50:505][  0]LogMemory: Process Virtual Memory: 84.52 MB used, 84.52 MB peak
[2019.02.28-20.26.50:505][  0]LogMemory: Physical Memory: 5774.21 MB used,  10543.09 MB free, 16317.30 MB total
[2019.02.28-20.26.50:505][  0]LogMemory: Virtual Memory: 4628.03 MB used,  134213096.00 MB free, 134217728.00 MB total
[2019.02.28-20.26.51:014][  0]LogInit: Using OS detected language (da-DK).
[2019.02.28-20.26.51:014][  0]LogInit: Using OS detected locale (da-DK).
[2019.02.28-20.26.51:112][  0]LogTextLocalizationManager: No localization for 'da-DK' exists, so 'en' will be used for the language.
[2019.02.28-20.26.51:739][  0]LogStreaming: Display: Took  0.711s to InitEngineTextLocalization.
[2019.02.28-20.26.51:750][  0]LogInit: Setting process to per monitor DPI aware
[2019.02.28-20.26.52:727][  0]LogSlate: New Slate User Created.  User Index 0, Is Virtual User: 0
[2019.02.28-20.26.52:727][  0]LogSlate: Slate User Registered.  User Index 0, Is Virtual User: 0
[2019.02.28-20.26.54:790][  0]LogHMD: Failed to initialize OpenVR with code 110
[2019.02.28-20.26.54:790][  0]LogD3D11RHI: D3D11 adapters:
[2019.02.28-20.26.54:843][  0]LogD3D11RHI:    0. 'NVIDIA GeForce GTX 970' (Feature Level 11_0)
[2019.02.28-20.26.54:843][  0]LogD3D11RHI:       4043/0/8158 MB DedicatedVideo/DedicatedSystem/SharedSystem, Outputs:1, VendorId:0x10de
[2019.02.28-20.26.54:844][  0]LogD3D11RHI:    1. 'Microsoft Basic Render Driver' (Feature Level 11_0)
[2019.02.28-20.26.54:844][  0]LogD3D11RHI:       0/0/8158 MB DedicatedVideo/DedicatedSystem/SharedSystem, Outputs:0, VendorId:0x1414
[2019.02.28-20.26.54:846][  0]LogD3D11RHI:    2. 'Microsoft Basic Render Driver' (Feature Level 11_0)
[2019.02.28-20.26.54:846][  0]LogD3D11RHI:       0/0/8158 MB DedicatedVideo/DedicatedSystem/SharedSystem, Outputs:0, VendorId:0x1414
[2019.02.28-20.26.54:846][  0]LogD3D11RHI: Chosen D3D11 Adapter: 0
[2019.02.28-20.26.54:852][  0]LogD3D11RHI: Creating new Direct3DDevice
[2019.02.28-20.26.54:852][  0]LogD3D11RHI:     GPU DeviceId: 0x13c2 (for the marketing name, search the web for "GPU Device Id")
[2019.02.28-20.26.54:852][  0]LogWindows: EnumDisplayDevices:
[2019.02.28-20.26.54:852][  0]LogWindows:    0. 'NVIDIA GeForce GTX 970' (P:1 D:1)
[2019.02.28-20.26.54:852][  0]LogWindows:    1. 'NVIDIA GeForce GTX 970' (P:0 D:0)
[2019.02.28-20.26.54:852][  0]LogWindows:    2. 'NVIDIA GeForce GTX 970' (P:0 D:0)
[2019.02.28-20.26.54:853][  0]LogWindows:    3. 'NVIDIA GeForce GTX 970' (P:0 D:0)
[2019.02.28-20.26.54:853][  0]LogWindows:    4. 'spacedesk Graphics Adapter' (P:0 D:0)
[2019.02.28-20.26.54:853][  0]LogWindows:    5. 'spacedesk Graphics Adapter' (P:0 D:0)
[2019.02.28-20.26.54:853][  0]LogWindows:    6. 'spacedesk Graphics Adapter' (P:0 D:0)
[2019.02.28-20.26.54:853][  0]LogWindows: DebugString: GetVideoDriverDetailsInvalid PrimaryIsNotTheChoosenAdapter GetVideoDriverDetailsInvalid PrimaryIsNotTheChoosenAdapter GetVideoDriverDetailsInvalid PrimaryIsNotTheChoosenAdapter FoundDriverCount:4 
[2019.02.28-20.26.54:853][  0]LogD3D11RHI:     Adapter Name: NVIDIA GeForce GTX 970
[2019.02.28-20.26.54:853][  0]LogD3D11RHI:   Driver Version: 419.17 (internal:25.21.14.1917, unified:419.17)
[2019.02.28-20.26.54:853][  0]LogD3D11RHI:      Driver Date: 2-20-2019
[2019.02.28-20.26.54:853][  0]LogRHI: Texture pool is 2830 MB (70% of 4043 MB)
[2019.02.28-20.26.54:910][  0]LogD3D11RHI: Async texture creation enabled
[2019.02.28-20.26.55:157][  0]LogD3D11RHI: GPU Timing Frequency: 1000.000000 (Debug: 2 2)
[2019.02.28-20.26.55:975][  0]LogTemp: Display: Loaded TP AllDesktopTargetPlatform
[2019.02.28-20.26.56:028][  0]LogTemp: Display: Loaded TP MacClientTargetPlatform
[2019.02.28-20.26.56:073][  0]LogTemp: Display: Loaded TP MacNoEditorTargetPlatform
[2019.02.28-20.26.56:115][  0]LogTemp: Display: Loaded TP MacServerTargetPlatform
[2019.02.28-20.26.56:167][  0]LogTemp: Display: Loaded TP MacTargetPlatform
[2019.02.28-20.26.56:233][  0]LogTemp: Display: Loaded TP WindowsClientTargetPlatform
[2019.02.28-20.26.56:275][  0]LogTemp: Display: Loaded TP WindowsNoEditorTargetPlatform
[2019.02.28-20.26.56:297][  0]LogTemp: Display: Loaded TP WindowsServerTargetPlatform
[2019.02.28-20.26.56:316][  0]LogTemp: Display: Loaded TP WindowsTargetPlatform
[2019.02.28-20.26.56:453][  0]LogTemp: Display: Loaded TP AndroidTargetPlatform
[2019.02.28-20.26.56:453][  0]LogTemp: Display: Loaded TP AndroidTargetPlatform
[2019.02.28-20.26.56:453][  0]LogTemp: Display: Loaded TP AndroidTargetPlatform
[2019.02.28-20.26.56:453][  0]LogTemp: Display: Loaded TP AndroidTargetPlatform
[2019.02.28-20.26.56:453][  0]LogTemp: Display: Loaded TP AndroidTargetPlatform
[2019.02.28-20.26.56:453][  0]LogTemp: Display: Loaded TP AndroidTargetPlatform
[2019.02.28-20.26.56:453][  0]LogTemp: Display: Loaded TP AndroidTargetPlatform
[2019.02.28-20.26.56:453][  0]LogTemp: Display: Loaded TP AndroidTargetPlatform
[2019.02.28-20.26.56:453][  0]LogTemp: Display: Loaded TP AndroidTargetPlatform
[2019.02.28-20.26.56:453][  0]LogTemp: Display: Loaded TP AndroidTargetPlatform
[2019.02.28-20.26.56:453][  0]LogTemp: Display: Loaded TP AndroidTargetPlatform
[2019.02.28-20.26.56:453][  0]LogTemp: Display: Loaded TP AndroidTargetPlatform
[2019.02.28-20.26.56:453][  0]LogTemp: Display: Loaded TP AndroidTargetPlatform
[2019.02.28-20.26.56:453][  0]LogTemp: Display: Loaded TP AndroidTargetPlatform
[2019.02.28-20.26.56:453][  0]LogTemp: Display: Loaded TP AndroidTargetPlatform
[2019.02.28-20.26.56:453][  0]LogTemp: Display: Loaded TP AndroidTargetPlatform
[2019.02.28-20.26.56:453][  0]LogTemp: Display: Loaded TP AndroidTargetPlatform
[2019.02.28-20.26.56:453][  0]LogTemp: Display: Loaded TP AndroidTargetPlatform
[2019.02.28-20.26.56:467][  0]LogTemp: Display: Loaded TP HTML5TargetPlatform
[2019.02.28-20.26.56:680][  0]LogTemp: Display: Loaded TP IOSTargetPlatform
[2019.02.28-20.26.56:680][  0]LogTemp: Display: Loaded TP IOSTargetPlatform
[2019.02.28-20.26.56:722][  0]LogTemp: Display: Loaded TP TVOSTargetPlatform
[2019.02.28-20.26.56:722][  0]LogTemp: Display: Loaded TP TVOSTargetPlatform
[2019.02.28-20.26.56:749][  0]LogTemp: Display: Loaded TP LinuxClientTargetPlatform
[2019.02.28-20.26.56:766][  0]LogTemp: Display: Loaded TP LinuxNoEditorTargetPlatform
[2019.02.28-20.26.56:784][  0]LogTemp: Display: Loaded TP LinuxServerTargetPlatform
[2019.02.28-20.26.56:821][  0]LogTemp: Display: Loaded TP LinuxTargetPlatform
[2019.02.28-20.26.56:886][  0]LogTemp: Display: Loaded TP LuminTargetPlatform
[2019.02.28-20.26.56:886][  0]LogTemp: Display: Loaded TP LuminTargetPlatform
[2019.02.28-20.26.56:887][  0]LogTargetPlatformManager: Display: Building Assets For Windows
[2019.02.28-20.26.57:908][  0]LogShaderCompilers: Guid format shader working directory is 9 characters bigger than the processId version (../../../../Unreal games/SpilProjekt3/Game/Intermediate/Shaders/WorkingDirectory/9116/).
[2019.02.28-20.26.57:908][  0]LogShaderCompilers: Cleaned the shader compiler working directory 'C:/Users/Teepinator/AppData/Local/Temp/UnrealShaderWorkingDir/2790DADD48DF7C066AF7CFBE411CD1C2/'.
[2019.02.28-20.26.57:931][  0]LogXGEController: Cleaning working directory: C:/Users/Teepinator/AppData/Local/Temp/UnrealXGEWorkingDir/
[2019.02.28-20.26.57:932][  0]LogXGEController: Cannot use XGE Controller as Incredibuild is not installed on this machine.
[2019.02.28-20.26.57:932][  0]LogShaderCompilers: Cannot use XGE Shader Compiler as Incredibuild is not installed on this machine.
[2019.02.28-20.26.57:932][  0]LogShaderCompilers: Display: Using Local Shader Compiler.
[2019.02.28-20.27.00:662][  0]LogDerivedDataCache: Display: Max Cache Size: 512 MB
[2019.02.28-20.27.01:178][  0]LogDerivedDataCache: Loaded boot cache 0.51s 71MB C:/Users/Teepinator/AppData/Local/UnrealEngine/4.21/DerivedDataCache/Boot.ddc.
[2019.02.28-20.27.01:178][  0]LogDerivedDataCache: Display: Loaded Boot cache: C:/Users/Teepinator/AppData/Local/UnrealEngine/4.21/DerivedDataCache/Boot.ddc
[2019.02.28-20.27.01:178][  0]LogDerivedDataCache: FDerivedDataBackendGraph:  Pak pak cache file ../../../../Unreal games/SpilProjekt3/Game/DerivedDataCache/DDC.ddp not found, will not use a pak cache.
[2019.02.28-20.27.01:178][  0]LogDerivedDataCache: Unable to find inner node Pak for hierarchical cache Hierarchy.
[2019.02.28-20.27.01:178][  0]LogDerivedDataCache: FDerivedDataBackendGraph:  CompressedPak pak cache file ../../../../Unreal games/SpilProjekt3/Game/DerivedDataCache/Compressed.ddp not found, will not use a pak cache.
[2019.02.28-20.27.01:178][  0]LogDerivedDataCache: Unable to find inner node CompressedPak for hierarchical cache Hierarchy.
[2019.02.28-20.27.01:277][  0]LogDerivedDataCache: Display: Pak cache opened for reading ../../../Engine/DerivedDataCache/Compressed.ddp.
[2019.02.28-20.27.01:277][  0]LogDerivedDataCache: FDerivedDataBackendGraph:  EnterprisePak pak cache file ../../../Enterprise/DerivedDataCache/Compressed.ddp not found, will not use a pak cache.
[2019.02.28-20.27.01:277][  0]LogDerivedDataCache: Unable to find inner node EnterprisePak for hierarchical cache Hierarchy.
[2019.02.28-20.27.01:290][  0]LogDerivedDataCache: Using Local data cache path C:/Users/Teepinator/AppData/Local/UnrealEngine/Common/DerivedDataCache: Writable
[2019.02.28-20.27.01:290][  0]LogDerivedDataCache: Shared data cache path not found in *engine.ini, will not use an Shared cache.
[2019.02.28-20.27.01:290][  0]LogDerivedDataCache: Unable to find inner node Shared for hierarchical cache Hierarchy.
[2019.02.28-20.27.01:324][  0]LogMaterial: Verifying Global Shaders for PCD3D_SM5
[2019.02.28-20.27.01:407][  0]LogSlate: Using FreeType 2.6.0
[2019.02.28-20.27.01:499][  0]LogSlate: SlateFontServices - WITH_FREETYPE: 1, WITH_HARFBUZZ: 1
[2019.02.28-20.27.02:134][  0]LogAssetRegistry: FAssetRegistry took 0.0325 seconds to start up
[2019.02.28-20.27.05:377][  0]LogInit: Selected Device Profile: [Windows]
[2019.02.28-20.27.06:996][  0]LogSimplygon: Simplygon DLL not present - disabling.
[2019.02.28-20.27.07:161][  0]LogMeshReduction: Using SimplygonSwarm for distributed automatic mesh merging
[2019.02.28-20.27.07:161][  0]LogMeshReduction: Using ProxyLODMeshReduction for automatic mesh merging
[2019.02.28-20.27.07:193][  0]LogMeshReduction: Using QuadricMeshReduction for automatic static mesh reduction
[2019.02.28-20.27.07:193][  0]LogMeshReduction: No automatic skeletal mesh reduction module available
[2019.02.28-20.27.07:654][  0]LogNetVersion: Game 1.0.0, NetCL: 4541578, EngineNetVer: 5, GameNetVer: 0 (Checksum: 3732308353)
[2019.02.28-20.27.11:881][  0]LogPackageLocalizationCache: Processed 11 localized package path(s) for 1 prioritized culture(s) in 0.069506 seconds
[2019.02.28-20.27.11:907][  0]LogUObjectArray: 39775 objects as part of root set at end of initial load.
[2019.02.28-20.27.11:907][  0]LogUObjectAllocator: 6914664 out of 0 bytes used by permanent object pool.
[2019.02.28-20.27.11:907][  0]LogUObjectArray: CloseDisregardForGC: 0/0 objects in disregard for GC pool
[2019.02.28-20.27.22:858][  0]LogTcpMessaging: Initializing TcpMessaging bridge
[2019.02.28-20.27.22:914][  0]LogUdpMessaging: Initializing bridge on interface 0.0.0.0:0 to multicast group 230.0.0.1:6666.
[2019.02.28-20.27.25:065][  0]SourceControl: Source control is disabled
[2019.02.28-20.27.27:643][  0]LogAndroidPermission: UAndroidPermissionCallbackProxy::GetInstance
[2019.02.28-20.27.27:951][  0]LogOcInput: OculusInput pre-init called
[2019.02.28-20.27.29:046][  0]LogEngine: Initializing Engine...
[2019.02.28-20.27.29:089][  0]LogHMD: Failed to initialize OpenVR with code 110
[2019.02.28-20.27.29:111][  0]LogStats: UGameplayTagsManager::ConstructGameplayTagTree: ImportINI prefixes -  0.017 s
[2019.02.28-20.27.29:111][  0]LogStats: UGameplayTagsManager::ConstructGameplayTagTree: Construct from data asset -  0.000 s
[2019.02.28-20.27.29:111][  0]LogStats: UGameplayTagsManager::ConstructGameplayTagTree: ImportINI -  0.000 s
[2019.02.28-20.27.29:111][  0]LogStats: UGameplayTagsManager::ConstructGameplayTagTree: GameplayTagTreeChangedEvent.Broadcast -  0.000 s
[2019.02.28-20.27.29:665][  0]LogInit: Initializing FReadOnlyCVARCache
[2019.02.28-20.27.30:053][  0]LogAIModule: Creating AISystem for world Untitled
[2019.02.28-20.27.30:236][  0]LogInit: XAudio2 using 'Speakers / Headphones (5- Plantronics HD1)' : 6 channels at 48 kHz using 24 bits per sample (channel mask 0x3f)
[2019.02.28-20.27.30:255][  0]LogInit: FAudioDevice initialized.
[2019.02.28-20.27.30:255][  0]LogNetVersion: Set ProjectVersion to 1.0.0.0. Version Checksum will be recalculated on next use.
[2019.02.28-20.27.30:362][  0]LogDerivedDataCache: Saved boot cache 0.11s 71MB C:/Users/Teepinator/AppData/Local/UnrealEngine/4.21/DerivedDataCache/Boot.ddc.
[2019.02.28-20.27.30:404][  0]LogInit: Texture streaming: Enabled
[2019.02.28-20.27.30:632][  0]LogEngineSessionManager: EngineSessionManager initialized
[2019.02.28-20.27.30:775][  0]LogInit: Transaction tracking system initialized
[2019.02.28-20.27.31:182][  0]BlueprintLog: New page: Editor Load
[2019.02.28-20.27.32:378][  0]LocalizationService: Localization service is disabled
[2019.02.28-20.27.36:191][  0]LogFileCache: Scanning file cache for directory 'D:/Unreal games/SpilProjekt3/Game/Content/' took 0.02s
[2019.02.28-20.27.36:191][  0]LogCook: Display: Max memory allowance for cook 16384mb min free memory 0mb
[2019.02.28-20.27.36:191][  0]LogCook: Display: Mobile HDR setting 1
[2019.02.28-20.27.36:191][  0]LogGameplayTags: Display: UGameplayTagsManager::DoneAddingNativeTags. DelegateIsBound: 0
[2019.02.28-20.27.36:191][  0]LogStats: UGameplayTagsManager::ConstructGameplayTagTree: ImportINI prefixes -  0.000 s
[2019.02.28-20.27.36:191][  0]LogStats: UGameplayTagsManager::ConstructGameplayTagTree: Construct from data asset -  0.000 s
[2019.02.28-20.27.36:191][  0]LogStats: UGameplayTagsManager::ConstructGameplayTagTree: ImportINI -  0.000 s
[2019.02.28-20.27.36:191][  0]LogStats: UGameplayTagsManager::ConstructGameplayTagTree: GameplayTagTreeChangedEvent.Broadcast -  0.000 s
[2019.02.28-20.27.38:508][  0]Cmd: MAP LOAD FILE="../../../../Unreal games/SpilProjekt3/Game/Content/ThirdPersonBP/Maps/ThirdPersonExampleMap.umap" TEMPLATE=0 SHOWPROGRESS=1 FEATURELEVEL=3
[2019.02.28-20.27.38:518][  0]LightingResults: New page: Lighting Build
[2019.02.28-20.27.38:704][  0]MapCheck: New page: Map Check
[2019.02.28-20.27.38:704][  0]LightingResults: New page: Lighting Build
[2019.02.28-20.27.41:393][  0]LogAIModule: Creating AISystem for world ThirdPersonExampleMap
[2019.02.28-20.27.42:053][  0]LogEditorServer: Finished looking for orphan Actors (0.000 secs)
[2019.02.28-20.27.42:175][  0]Cmd: MAP CHECKDEP NOCLEARLOG
[2019.02.28-20.27.42:176][  0]MapCheck: Map check complete: 0 Error(s), 0 Warning(s), took 0,124ms to complete.
[2019.02.28-20.27.42:176][  0]LogFileHelpers: Loading map 'ThirdPersonExampleMap' took 3.684
[2019.02.28-20.27.43:580][  0]LogSlate: Updating window title bar state: overlay mode, drag disabled, window buttons hidden, title bar hidden
[2019.02.28-20.27.43:586][  0]LogSlate: Updating window title bar state: overlay mode, drag disabled, window buttons hidden, title bar hidden
[2019.02.28-20.27.43:592][  0]LogSlate: Updating window title bar state: overlay mode, drag disabled, window buttons hidden, title bar hidden
[2019.02.28-20.27.43:597][  0]LogSlate: Updating window title bar state: overlay mode, drag disabled, window buttons hidden, title bar hidden
[2019.02.28-20.27.43:711][  0]LogCollectionManager: Loaded 0 collections in 0.001220 seconds
[2019.02.28-20.27.43:890][  0]LogFileCache: Scanning file cache for directory 'D:/Unreal games/SpilProjekt3/Game/Saved/Collections/' took 0.01s
[2019.02.28-20.27.43:890][  0]LogFileCache: Scanning file cache for directory 'D:/Unreal games/SpilProjekt3/Game/Content/Developers/Terpinator/Collections/' took 0.01s
[2019.02.28-20.27.43:890][  0]LogFileCache: Scanning file cache for directory 'D:/Unreal games/SpilProjekt3/Game/Content/Collections/' took 0.01s
[2019.02.28-20.27.43:890][  0]LogCollectionManager: Rebuilt the GUID cache for 0 collections in 0.000001 seconds
[2019.02.28-20.27.43:897][  0]LogContentBrowser: Native class hierarchy populated in 0.0070 seconds. Added 2651 classes and 620 folders.
[2019.02.28-20.27.44:045][  0]LogContentBrowser: Native class hierarchy updated for 'WidgetCarousel' in 0.0003 seconds. Added 0 classes and 0 folders.
[2019.02.28-20.27.44:270][  0]LogPakFile: Registered encryption key '00000000000000000000000000000000': 0 pak files mounted, 0 remain pending
[2019.02.28-20.27.44:361][  0]LogPakFile: Registered encryption key '00000000000000000000000000000000': 0 pak files mounted, 0 remain pending
[2019.02.28-20.27.44:407][  0]LogPakFile: Registered encryption key '00000000000000000000000000000000': 0 pak files mounted, 0 remain pending
[2019.02.28-20.27.44:454][  0]LogPakFile: Registered encryption key '00000000000000000000000000000000': 0 pak files mounted, 0 remain pending
[2019.02.28-20.27.44:488][  0]LogPakFile: Registered encryption key '00000000000000000000000000000000': 0 pak files mounted, 0 remain pending
[2019.02.28-20.27.44:533][  0]LogPakFile: Registered encryption key '00000000000000000000000000000000': 0 pak files mounted, 0 remain pending
[2019.02.28-20.27.44:561][  0]LogPakFile: Registered encryption key '00000000000000000000000000000000': 0 pak files mounted, 0 remain pending
[2019.02.28-20.27.44:593][  0]LogPakFile: Registered encryption key '00000000000000000000000000000000': 0 pak files mounted, 0 remain pending
[2019.02.28-20.27.44:632][  0]LogPakFile: Registered encryption key '00000000000000000000000000000000': 0 pak files mounted, 0 remain pending
[2019.02.28-20.27.44:654][  0]LogPakFile: Registered encryption key '00000000000000000000000000000000': 0 pak files mounted, 0 remain pending
[2019.02.28-20.27.44:665][  0]LogPakFile: Registered encryption key '00000000000000000000000000000000': 0 pak files mounted, 0 remain pending
[2019.02.28-20.27.44:678][  0]LogPakFile: Registered encryption key '00000000000000000000000000000000': 0 pak files mounted, 0 remain pending
[2019.02.28-20.27.44:694][  0]LogPakFile: Registered encryption key '00000000000000000000000000000000': 0 pak files mounted, 0 remain pending
[2019.02.28-20.27.44:708][  0]LogPakFile: Registered encryption key '00000000000000000000000000000000': 0 pak files mounted, 0 remain pending
[2019.02.28-20.27.44:723][  0]LogPakFile: Registered encryption key '00000000000000000000000000000000': 0 pak files mounted, 0 remain pending
[2019.02.28-20.27.44:734][  0]LogPakFile: Registered encryption key '00000000000000000000000000000000': 0 pak files mounted, 0 remain pending
[2019.02.28-20.27.44:765][  0]LogPakFile: Registered encryption key '00000000000000000000000000000000': 0 pak files mounted, 0 remain pending
[2019.02.28-20.27.44:775][  0]LogPakFile: Registered encryption key '00000000000000000000000000000000': 0 pak files mounted, 0 remain pending
[2019.02.28-20.27.44:791][  0]LogPakFile: Registered encryption key '00000000000000000000000000000000': 0 pak files mounted, 0 remain pending
[2019.02.28-20.27.44:800][  0]LogPakFile: Registered encryption key '00000000000000000000000000000000': 0 pak files mounted, 0 remain pending
[2019.02.28-20.27.44:839][  0]LogPakFile: Registered encryption key '00000000000000000000000000000000': 0 pak files mounted, 0 remain pending
[2019.02.28-20.27.44:847][  0]LogPakFile: Registered encryption key '00000000000000000000000000000000': 0 pak files mounted, 0 remain pending
[2019.02.28-20.27.44:862][  0]LogPakFile: Registered encryption key '00000000000000000000000000000000': 0 pak files mounted, 0 remain pending
[2019.02.28-20.27.44:880][  0]LogPakFile: Registered encryption key '00000000000000000000000000000000': 0 pak files mounted, 0 remain pending
[2019.02.28-20.27.44:895][  0]LogPakFile: Registered encryption key '00000000000000000000000000000000': 0 pak files mounted, 0 remain pending
[2019.02.28-20.27.44:904][  0]LogPakFile: Registered encryption key '00000000000000000000000000000000': 0 pak files mounted, 0 remain pending
[2019.02.28-20.27.45:394][  0]LogContentBrowser: Native class hierarchy updated for 'AddContentDialog' in 0.0003 seconds. Added 0 classes and 0 folders.
[2019.02.28-20.27.45:441][  0]LogContentBrowser: Native class hierarchy updated for 'SceneOutliner' in 0.0002 seconds. Added 1 classes and 2 folders.
[2019.02.28-20.27.48:320][  0]LogTemp: Executing iPhonePackager certificates Engine -bundlename com.YourCompany.Game
[2019.02.28-20.27.48:320][  0]LogTemp: CWD: D:\UE_4.21\Engine\Binaries\DotNET\IOS
[2019.02.28-20.27.48:320][  0]LogTemp: Initial Dir: D:\UE_4.21
[2019.02.28-20.27.48:320][  0]LogTemp: Env CWD: D:\UE_4.21\Engine\Binaries\DotNET\IOS
[2019.02.28-20.27.48:320][  0]LogTemp: BranchPath = DESKTOP-GECV2M9/D/UE_4.21/Engine/Binaries --- GameBranchPath = DESKTOP-GECV2M9/D/UE_4.21/Engine/Binaries
[2019.02.28-20.27.48:320][  0]LogTemp: IPP ERROR: Could not find provision directory 'C:\Users\Teepinator\AppData\Local/Apple Computer/MobileDevice/Provisioning Profiles/'.
[2019.02.28-20.27.48:320][  0]LogSlate: Only BGRA pngs, bmps or icos are supported in by External Image Picker
[2019.02.28-20.27.48:449][  0]LogSlate: Took 0.017077 seconds to synchronously load lazily loaded font '../../../Engine/Content/Slate/Fonts/Roboto-Regular.ttf' (155K)
[2019.02.28-20.27.48:459][  0]LogSlate: Took 0.008988 seconds to synchronously load lazily loaded font '../../../Engine/Content/Slate/Fonts/Roboto-Bold.ttf' (160K)
[2019.02.28-20.27.48:553][  0]LogSlate: Took 0.017438 seconds to synchronously load lazily loaded font '../../../Engine/Content/Editor/Slate/Fonts/FontAwesome.ttf' (139K)
[2019.02.28-20.27.48:964][  0]LogRenderer: Reallocating scene render targets to support 1280x624 Format 9 NumSamples 1 (Frame:1).
[2019.02.28-20.27.49:482][  0]LogContentBrowser: Native class hierarchy updated for 'HierarchicalLODOutliner' in 0.0003 seconds. Added 0 classes and 0 folders.
[2019.02.28-20.27.49:482][  0]LogLoad: (Engine Initialization) Total time: 73.04 seconds
[2019.02.28-20.27.49:482][  0]LogLoad: (Engine Initialization) Total Blueprint compile time: 0.00 seconds
[2019.02.28-20.27.49:522][  0]LogWindowsTextInputMethodSystem: Display: IME system now deactivated.
[2019.02.28-20.27.49:648][  0]LogContentStreaming: Texture pool size now 600 MB
[2019.02.28-20.27.49:735][  0]LogSlate: Took 0.018567 seconds to synchronously load lazily loaded font '../../../Engine/Content/Slate/Fonts/Roboto-Light.ttf' (167K)
[2019.02.28-20.27.49:931][  2]LogAssetRegistry: Asset discovery search completed in 47.8195 seconds
[2019.02.28-20.27.49:932][  2]LogCollectionManager: Rebuilt the object cache for 0 collections in 0.000001 seconds (found 0 objects)
[2019.02.28-20.27.49:933][  2]LogCollectionManager: Fixed up redirectors for 0 collections in 0.000077 seconds (updated 0 objects)
[2019.02.28-20.27.50:626][ 57]LogSlate: Took 0.000183 seconds to synchronously load lazily loaded font '../../../Engine/Content/Slate/Fonts/Roboto-Light.ttf' (167K)
[2019.02.28-20.27.51:553][163]LogSlate: FSceneViewport::OnFocusLost() reason 0
[2019.02.28-20.28.26:115][204]LogAssetEditorManager: Opening Asset editor for BlackboardData /Game/AI/Enemies/BB_Enemy.BB_Enemy
[2019.02.28-20.28.28:183][412]LogSlate: Window 'BB_Enemy*' being destroyed
[2019.02.28-20.28.31:206][773]LogBehaviorTree: Warning: Blackboard asset (BB_Enemy) has (BB_Enemy) in parent chain! Clearing value to avoid cycle.
[2019.02.28-20.29.01:628][401]LogAssetEditorManager: Opening Asset editor for BehaviorTree /Game/AI/Enemies/BT_Enemy.BT_Enemy
[2019.02.28-20.29.01:716][401]LogSlate: Took 0.010503 seconds to synchronously load lazily loaded font '../../../Engine/Content/Slate/Fonts/Roboto-BoldCondensed.ttf' (158K)
[2019.02.28-20.29.07:880][128]LogBehaviorTree: Warning: Blackboard asset (BB_Enemy) has (BB_Enemy) in parent chain! Clearing value to avoid cycle.
[2019.02.28-20.29.09:561][319]Cmd: OBJ SAVEPACKAGE PACKAGE="/Game/AI/Enemies/BT_Enemy" FILE="../../../../Unreal games/SpilProjekt3/Game/Content/AI/Enemies/BT_Enemy.uasset" SILENT=true
[2019.02.28-20.29.09:604][319]LogSavePackage: Moving '../../../../Unreal games/SpilProjekt3/Game/Saved/BT_Enemy733A9C1841DC2C32C8D242A40DF15656.tmp' to '../../../../Unreal games/SpilProjekt3/Game/Content/AI/Enemies/BT_Enemy.uasset'
[2019.02.28-20.31.04:168][949]LogAssetEditorManager: Opening Asset editor for Blueprint /Game/ThirdPersonBP/Blueprints/ThirdPersonCharacter.ThirdPersonCharacter
[2019.02.28-20.31.05:018][949]LogContentBrowser: Native class hierarchy updated for 'BlueprintGraph' in 0.0005 seconds. Added 117 classes and 0 folders.
[2019.02.28-20.31.08:733][221]LogSlate: Took 0.013606 seconds to synchronously load lazily loaded font '../../../Engine/Content/Slate/Fonts/Roboto-Italic.ttf' (157K)
[2019.02.28-20.31.42:565][244]BlueprintLog: New page: Compile ThirdPersonCharacter
[2019.02.28-20.31.55:810][782]LogEditorTransaction: Undo Move Node
[2019.02.28-20.32.11:678][654]BlueprintLog: New page: Compile ThirdPersonCharacter
[2019.02.28-20.37.49:664][111]LogSavePackage: Moving '../../../../Unreal games/SpilProjekt3/Game/Saved/ThirdPersonExampleMap_Auto12EE350D74E699A7FB3B3CB858D6178CC.tmp' to '../../../../Unreal games/SpilProjekt3/Game/Saved/Autosaves/Game/ThirdPersonBP/Maps/ThirdPersonExampleMap_Auto1.umap'
[2019.02.28-20.37.49:681][111]LogFileHelpers: Editor autosave (incl. sublevels) for '/Game/ThirdPersonBP/Maps/ThirdPersonExampleMap' took 0.281
[2019.02.28-20.37.49:681][111]LogFileHelpers: Editor autosave (incl. sublevels) for all levels took 0.281
[2019.02.28-20.37.49:682][111]OBJ SavePackage: Generating thumbnails for [1] asset(s) in package [/Game/ThirdPersonBP/Blueprints/ThirdPersonCharacter] ([1] browsable assets)...
[2019.02.28-20.37.49:701][111]OBJ SavePackage:     Rendered thumbnail for [Blueprint /Game/ThirdPersonBP/Blueprints/ThirdPersonCharacter.ThirdPersonCharacter]
[2019.02.28-20.37.49:701][111]OBJ SavePackage: Finished generating thumbnails for package [/Game/ThirdPersonBP/Blueprints/ThirdPersonCharacter]
[2019.02.28-20.37.49:774][111]LogSavePackage: Moving '../../../../Unreal games/SpilProjekt3/Game/Saved/ThirdPersonCharacter_Auto1CD3ABFDE444025CEE45C0181F6DD2061.tmp' to '../../../../Unreal games/SpilProjekt3/Game/Saved/Autosaves/Game/ThirdPersonBP/Blueprints/ThirdPersonCharacter_Auto1.uasset'
[2019.02.28-20.37.49:775][111]OBJ SavePackage: Generating thumbnails for [0] asset(s) in package [/Game/AI/Enemies/BB_Enemy] ([1] browsable assets)...
[2019.02.28-20.37.49:775][111]OBJ SavePackage: Finished generating thumbnails for package [/Game/AI/Enemies/BB_Enemy]
[2019.02.28-20.37.49:775][111]Cmd: OBJ SAVEPACKAGE PACKAGE="/Game/AI/Enemies/BB_Enemy" FILE="../../../../Unreal games/SpilProjekt3/Game/Saved/Autosaves/Game/AI/Enemies/BB_Enemy_Auto1.uasset" SILENT=false AUTOSAVING=true
[2019.02.28-20.37.49:780][111]LogSavePackage: Moving '../../../../Unreal games/SpilProjekt3/Game/Saved/BB_Enemy_Auto1FE6B3ABF452DC1F3AA7755A8C17E7C59.tmp' to '../../../../Unreal games/SpilProjekt3/Game/Saved/Autosaves/Game/AI/Enemies/BB_Enemy_Auto1.uasset'
[2019.02.28-20.37.49:780][111]OBJ SavePackage: Generating thumbnails for [0] asset(s) in package [/Game/AI/Enemies/BT_Enemy] ([1] browsable assets)...
[2019.02.28-20.37.49:780][111]OBJ SavePackage: Finished generating thumbnails for package [/Game/AI/Enemies/BT_Enemy]
[2019.02.28-20.37.49:780][111]Cmd: OBJ SAVEPACKAGE PACKAGE="/Game/AI/Enemies/BT_Enemy" FILE="../../../../Unreal games/SpilProjekt3/Game/Saved/Autosaves/Game/AI/Enemies/BT_Enemy_Auto1.uasset" SILENT=false AUTOSAVING=true
[2019.02.28-20.37.49:789][111]LogSavePackage: Moving '../../../../Unreal games/SpilProjekt3/Game/Saved/BT_Enemy_Auto14F0B300F469326BD54B4469ACEBAA5A8.tmp' to '../../../../Unreal games/SpilProjekt3/Game/Saved/Autosaves/Game/AI/Enemies/BT_Enemy_Auto1.uasset'
[2019.02.28-20.37.49:790][111]LogFileHelpers: Auto-saving content packages took 0.107
